<?xml version="1.0" encoding="UTF-8"?>
<!-- Generated by org.testng.reporters.JUnitReportReporter -->
<testsuite hostname="sruthi" failures="0" tests="1" name="com.demowebshop.tests.AddItemToWishlistTest" time="7.312" errors="0" timestamp="2024-07-02T17:44:17 IST" skipped="0">
  <testcase classname="com.demowebshop.tests.AddItemToWishlistTest" name="verifyUserIsAbleToAddItemToWishlist" time="7.312"/>
</testsuite> <!-- com.demowebshop.tests.AddItemToWishlistTest -->
