<?xml version="1.0" encoding="UTF-8"?>
<!-- Generated by org.testng.reporters.JUnitReportReporter -->
<testsuite hostname="sruthi" failures="0" tests="1" name="com.demowebshop.tests.BaseTest" time="3.799" errors="0" timestamp="2024-06-19T16:47:23 IST" skipped="0">
  <testcase classname="com.demowebshop.tests.BaseTest" name="initializeDriver" time="3.799"/>
</testsuite> <!-- com.demowebshop.tests.BaseTest -->
