<?xml version="1.0" encoding="UTF-8"?>
<!-- Generated by org.testng.reporters.JUnitReportReporter -->
<testsuite hostname="sruthi" failures="0" tests="1" name="com.demowebshop.tests.SearchTest" time="8.587" errors="0" timestamp="2024-07-02T17:44:17 IST" skipped="0">
  <testcase classname="com.demowebshop.tests.SearchTest" name="verifyUserIsAbleToSeeOnlySearchedItems" time="8.587"/>
</testsuite> <!-- com.demowebshop.tests.SearchTest -->
