<?xml version="1.0" encoding="UTF-8"?>
<!-- Generated by org.testng.reporters.JUnitReportReporter -->
<testsuite hostname="sruthi" failures="0" tests="1" name="com.demowebshop.tests.DataRegisteration" time="12.114" errors="0" timestamp="2024-07-02T17:44:18 IST" skipped="0">
  <testcase classname="com.demowebshop.tests.DataRegisteration" name="verifyUserIsAbleToRegister" time="12.114"/>
</testsuite> <!-- com.demowebshop.tests.DataRegisteration -->
